<?xml version="1.0" encoding="UTF-8"?>
<testsuite name="co.com.bancolombia.certification.saf.runners.createincome.CreateCollection" tests="0" skipped="0" failures="0" errors="0" timestamp="1970-01-01T00:00:00" hostname="50HW017581" time="0.0">
  <properties/>
  <system-out><![CDATA[
?[31mFailed scenarios:?[0m
?[31msrc/test/resources/features/Collections/create_collections.feature:34 ?[0m# Realizar anulacion de un aplicacion de pago realizado de forma manual uno a uno que simulan el proceso de aplicacion de pago

1 Scenarios (?[31m1 failed?[0m)
3 Steps (?[31m1 failed?[0m, ?[32m2 passed?[0m)
1m9.678s

java.lang.AssertionError: 
Expected: is <true>
     but: was <false>
	at net.serenitybdd.screenplay.ErrorTally.throwSummaryExceptionFrom(ErrorTally.java:36)
	at net.serenitybdd.screenplay.ErrorTally.reportAnyErrors(ErrorTally.java:30)
	at net.serenitybdd.screenplay.Actor.should(Actor.java:316)
	at co.com.bancolombia.certification.saf.stepdefinitions.createincome.CollectionStepDefinitions.deberiaVerLasObligacionesEnSusEstadosInicialesAntesDeRealizarElProcesoDeAplicacionDePago(CollectionStepDefinitions.java:143)
	at ?.Deberia ver las obligaciones en sus estados iniciales antes de realizar el proceso de aplicacion de pago(src/test/resources/features/Collections/create_collections.feature:38)

]]></system-out>
  <system-err><![CDATA[[Test worker] INFO  - ?[96m

-------------------------------------------------------------------------------------
     _______. _______ .______       _______ .__   __.  __  .___________.____    ____ 
    /       ||   ____||   _  \     |   ____||  \ |  | |  | |           |\   \  /   / 
   |   (----`|  |__   |  |_)  |    |  |__   |   \|  | |  | `---|  |----` \   \/   /  
    \   \    |   __|  |      /     |   __|  |  . `  | |  |     |  |       \_    _/   
.----)   |   |  |____ |  |\  \----.|  |____ |  |\   | |  |     |  |         |  |     
|_______/    |_______|| _| `._____||_______||__| \__| |__|     |__|         |__|    
                                                                                     
 News and tutorials at http://www.serenity-bdd.info                                  
 Documentation at https://wakaleo.gitbooks.io/the-serenity-book/content/             
 Join the Serenity Community on Gitter: https://gitter.im/serenity-bdd/serenity-core 
 Serenity BDD Support and Training at http://serenity-bdd.info/#/trainingandsupport  
 Learn Serenity BDD online at https://www.serenitydojo.net                           
-------------------------------------------------------------------------------------
?[0m
[Test worker] INFO  - Test Suite Started: Create payment application
[Test worker] INFO  - 
 _____ _____ ____ _____   ____ _____  _    ____ _____ _____ ____  
|_   _| ____/ ___|_   _| / ___|_   _|/ \  |  _ \_   _| ____|  _ \ 
  | | |  _| \___ \ | |   \___ \ | | / _ \ | |_) || | |  _| | | | |
  | | | |___ ___) || |    ___) || |/ ___ \|  _ < | | | |___| |_| |
  |_| |_____|____/ |_|   |____/ |_/_/   \_\_| \_\|_| |_____|____/ 

Realizar anulacion de un aplicacion de pago realizado de forma manual uno a uno que simulan el proceso de aplicacion de pago(create-payment-application;realizar-anulacion-de-un-aplicacion-de-pago-realizado-de-forma-manual-uno-a-uno-que-simulan-el-proceso-de-aplicacion-de-pago)
-------------------------------------------------------------------
]]></system-err>
</testsuite>
